#
# There is insufficient memory for the Java Runtime Environment to continue.
# Native memory allocation (malloc) failed to allocate 32744 bytes for ChunkPool::allocate
# Possible reasons:
#   The system is out of physical RAM or swap space
#   In 32 bit mode, the process size limit was hit
# Possible solutions:
#   Reduce memory load on the system
#   Increase physical memory or swap space
#   Check if swap backing store is full
#   Use 64 bit Java on a 64 bit OS
#   Decrease Java heap size (-Xmx/-Xms)
#   Decrease number of Java threads
#   Decrease Java thread stack sizes (-Xss)
#   Set larger code cache with -XX:ReservedCodeCacheSize=
# This output file may be truncated or incomplete.
#
#  Out of Memory Error (allocation.cpp:273), pid=36452, tid=0x0000000000005764
#
# JRE version: Java(TM) SE Runtime Environment (8.0_171-b11) (build 1.8.0_171-b11)
# Java VM: Java HotSpot(TM) 64-Bit Server VM (25.171-b11 mixed mode windows-amd64 compressed oops)
# Failed to write core dump. Minidumps are not enabled by default on client versions of Windows
#

---------------  T H R E A D  ---------------

Current thread (0x000000001e05d000):  JavaThread "C2 CompilerThread0" daemon [_thread_in_vm, id=22372, stack(0x000000001f7c0000,0x000000001f8c0000)]

Stack: [0x000000001f7c0000,0x000000001f8c0000]
[error occurred during error reporting (printing stack bounds), id 0xc0000005]

Native frames: (J=compiled Java code, j=interpreted, Vv=VM code, C=native code)


Current CompileTask:
C2:  28425 1374       4       java.lang.reflect.Method::invoke (62 bytes)


---------------  P R O C E S S  ---------------

Java Threads: ( => current thread )
  0x0000000020931000 JavaThread "Forward input" [_thread_blocked, id=53984, stack(0x0000000022650000,0x0000000022750000)]
  0x0000000020930800 JavaThread "DisconnectableInputStream source reader" daemon [_thread_in_native, id=54440, stack(0x0000000022550000,0x0000000022650000)]
  0x0000000020784000 JavaThread "pool-1-thread-1" [_thread_blocked, id=17708, stack(0x00000000209c0000,0x0000000020ac0000)]
  0x000000001faf5000 JavaThread "Service Thread" daemon [_thread_blocked, id=28624, stack(0x000000001fec0000,0x000000001ffc0000)]
  0x000000001e064000 JavaThread "C1 CompilerThread2" daemon [_thread_blocked, id=4556, stack(0x000000001f9c0000,0x000000001fac0000)]
  0x000000001e060000 JavaThread "C2 CompilerThread1" daemon [_thread_in_native, id=3136, stack(0x000000001f8c0000,0x000000001f9c0000)]
=>0x000000001e05d000 JavaThread "C2 CompilerThread0" daemon [_thread_in_vm, id=22372, stack(0x000000001f7c0000,0x000000001f8c0000)]
  0x000000001e05a800 JavaThread "Attach Listener" daemon [_thread_blocked, id=19972, stack(0x000000001f6c0000,0x000000001f7c0000)]
  0x000000001e059800 JavaThread "Signal Dispatcher" daemon [_thread_blocked, id=21720, stack(0x000000001f5c0000,0x000000001f6c0000)]
  0x0000000004a4e000 JavaThread "Finalizer" daemon [_thread_blocked, id=19024, stack(0x000000001f2c0000,0x000000001f3c0000)]
  0x000000001e018800 JavaThread "Reference Handler" daemon [_thread_blocked, id=33888, stack(0x000000001f1c0000,0x000000001f2c0000)]
  0x0000000004952800 JavaThread "main" [_thread_in_native, id=37092, stack(0x0000000004760000,0x0000000004860000)]

Other Threads:
  0x000000001e018000 VMThread [stack: 0x000000001f0c0000,0x000000001f1c0000] [id=2544]
  0x000000001fb1c000 WatcherThread [stack: 0x000000001ffc0000,0x00000000200c0000] [id=30336]

VM state:not at safepoint (normal execution)

VM Mutex/Monitor currently owned by a thread: None

Heap:
 PSYoungGen      total 76288K, used 49830K [0x000000076b200000, 0x0000000770700000, 0x00000007c0000000)
  eden space 65536K, 76% used [0x000000076b200000,0x000000076e2a9908,0x000000076f200000)
  from space 10752K, 0% used [0x000000076fc80000,0x000000076fc80000,0x0000000770700000)
  to   space 10752K, 0% used [0x000000076f200000,0x000000076f200000,0x000000076fc80000)
 ParOldGen       total 175104K, used 0K [0x00000006c1600000, 0x00000006cc100000, 0x000000076b200000)
  object space 175104K, 0% used [0x00000006c1600000,0x00000006c1600000,0x00000006cc100000)
 Metaspace       used 11819K, capacity 12170K, committed 12288K, reserved 1060864K
  class space    used 1550K, capacity 1690K, committed 1792K, reserved 1048576K

Card table byte_map: [0x0000000013e10000,0x0000000014610000] byte_map_base: 0x0000000010805000

Marking Bits: (ParMarkBitMap*) 0x00000000687608c0
 Begin Bits: [0x0000000014f60000, 0x0000000018f08000)
 End Bits:   [0x0000000018f08000, 0x000000001ceb0000)

Polling page: 0x0000000004140000

CodeCache: size=245760Kb used=4464Kb max_used=4475Kb free=241295Kb
 bounds [0x0000000004a50000, 0x0000000004ec0000, 0x0000000013a50000]
 total_blobs=1738 nmethods=1373 adapters=277
 compilation: enabled

Compilation events (10 events):
Event: 28.412 Thread 0x000000001e060000 nmethod 1370 0x0000000004eab990 code [0x0000000004eabb00, 0x0000000004eabe98]
Event: 28.412 Thread 0x000000001e060000 1371       4       com.esotericsoftware.kryo.io.Input::readInt (192 bytes)
Event: 28.414 Thread 0x000000001e05d000 nmethod 1363 0x0000000004eac2d0 code [0x0000000004eac4a0, 0x0000000004eacf08]
Event: 28.414 Thread 0x000000001e05d000 1372       4       java.util.ArrayList::iterator (9 bytes)
Event: 28.415 Thread 0x000000001e060000 nmethod 1371 0x0000000004eaf810 code [0x0000000004eaf980, 0x0000000004eafc68]
Event: 28.415 Thread 0x000000001e060000 1373       4       java.lang.reflect.AccessibleObject::setAccessible0 (42 bytes)
Event: 28.415 Thread 0x000000001e05d000 nmethod 1372 0x0000000004eab6d0 code [0x0000000004eab820, 0x0000000004eab8f8]
Event: 28.415 Thread 0x000000001e060000 nmethod 1373 0x0000000004eab410 code [0x0000000004eab560, 0x0000000004eab5f8]
Event: 28.415 Thread 0x000000001e05d000 1374       4       java.lang.reflect.Method::invoke (62 bytes)
Event: 28.415 Thread 0x000000001e060000 1375       4       sun.reflect.DelegatingMethodAccessorImpl::invoke (10 bytes)

GC Heap History (0 events):
No events

Deoptimization events (6 events):
Event: 0.344 Thread 0x0000000004952800 Uncommon trap: reason=unstable_if action=reinterpret pc=0x0000000004bd59b4 method=java.lang.String.startsWith(Ljava/lang/String;I)Z @ 25
Event: 0.726 Thread 0x0000000004952800 Uncommon trap: reason=unstable_if action=reinterpret pc=0x0000000004ca4644 method=java.util.HashMap.hash(Ljava/lang/Object;)I @ 1
Event: 0.773 Thread 0x0000000004952800 Uncommon trap: reason=unstable_if action=reinterpret pc=0x0000000004ca2684 method=java.util.HashMap.getNode(ILjava/lang/Object;)Ljava/util/HashMap$Node; @ 129
Event: 2.646 Thread 0x0000000004952800 Uncommon trap: reason=unstable_if action=reinterpret pc=0x0000000004d8a0c4 method=java.util.concurrent.ConcurrentHashMap.putVal(Ljava/lang/Object;Ljava/lang/Object;Z)Ljava/lang/Object; @ 206
Event: 13.395 Thread 0x0000000020784000 Uncommon trap: reason=unstable_if action=reinterpret pc=0x0000000004e04fe0 method=java.io.PrintStream.write(I)V @ 19
Event: 17.142 Thread 0x0000000004952800 Uncommon trap: reason=unstable_if action=reinterpret pc=0x0000000004e579d8 method=org.gradle.internal.logging.text.AbstractLineChoppingStyledTextOutput$2.execute(Lorg/gradle/internal/logging/text/AbstractLineChoppingStyledTextOutput$StateContext;)V @ 30

Classes redefined (0 events):
No events

Internal exceptions (10 events):
Event: 2.651 Thread 0x0000000004952800 Exception <a 'java/lang/NoSuchMethodError': <clinit>> (0x000000076dade4f8) thrown at [C:\re\workspace\8-2-build-windows-amd64-cygwin\jdk8u171\10807\hotspot\src\share\vm\prims\jni.cpp, line 1613]
Event: 2.652 Thread 0x0000000004952800 Exception <a 'java/lang/NoSuchMethodError': <clinit>> (0x000000076dafb6c8) thrown at [C:\re\workspace\8-2-build-windows-amd64-cygwin\jdk8u171\10807\hotspot\src\share\vm\prims\jni.cpp, line 1613]
Event: 2.658 Thread 0x0000000004952800 Exception <a 'java/lang/NoSuchMethodError': <clinit>> (0x000000076db4ba28) thrown at [C:\re\workspace\8-2-build-windows-amd64-cygwin\jdk8u171\10807\hotspot\src\share\vm\prims\jni.cpp, line 1613]
Event: 2.661 Thread 0x0000000004952800 Exception <a 'java/lang/NoSuchMethodError': <clinit>> (0x000000076db6d2d8) thrown at [C:\re\workspace\8-2-build-windows-amd64-cygwin\jdk8u171\10807\hotspot\src\share\vm\prims\jni.cpp, line 1613]
Event: 2.661 Thread 0x0000000004952800 Exception <a 'java/lang/NoSuchMethodError': <clinit>> (0x000000076db75ac8) thrown at [C:\re\workspace\8-2-build-windows-amd64-cygwin\jdk8u171\10807\hotspot\src\share\vm\prims\jni.cpp, line 1613]
Event: 2.662 Thread 0x0000000004952800 Exception <a 'java/lang/NoSuchMethodError': <clinit>> (0x000000076db82b18) thrown at [C:\re\workspace\8-2-build-windows-amd64-cygwin\jdk8u171\10807\hotspot\src\share\vm\prims\jni.cpp, line 1613]
Event: 2.663 Thread 0x0000000004952800 Exception <a 'java/lang/NoSuchMethodError': <clinit>> (0x000000076db8b590) thrown at [C:\re\workspace\8-2-build-windows-amd64-cygwin\jdk8u171\10807\hotspot\src\share\vm\prims\jni.cpp, line 1613]
Event: 2.666 Thread 0x0000000004952800 Exception <a 'java/lang/NoSuchMethodError': <clinit>> (0x000000076dba4e00) thrown at [C:\re\workspace\8-2-build-windows-amd64-cygwin\jdk8u171\10807\hotspot\src\share\vm\prims\jni.cpp, line 1613]
Event: 2.738 Thread 0x0000000004952800 Exception <a 'java/lang/NoSuchMethodError': <clinit>> (0x000000076dbcc6b0) thrown at [C:\re\workspace\8-2-build-windows-amd64-cygwin\jdk8u171\10807\hotspot\src\share\vm\prims\jni.cpp, line 1613]
Event: 2.738 Thread 0x0000000004952800 Exception <a 'java/lang/NoSuchMethodError': <clinit>> (0x000000076dbd6428) thrown at [C:\re\workspace\8-2-build-windows-amd64-cygwin\jdk8u171\10807\hotspot\src\share\vm\prims\jni.cpp, line 1613]

Events (10 events):
Event: 28.403 Thread 0x0000000004952800 DEOPT PACKING pc=0x0000000004e61e0a sp=0x000000000485cdc0
Event: 28.403 Thread 0x0000000004952800 DEOPT UNPACKING pc=0x0000000004a97890 sp=0x000000000485cb08 mode 0
Event: 28.404 Thread 0x0000000004952800 DEOPT PACKING pc=0x0000000004e61e0a sp=0x000000000485cdc0
Event: 28.404 Thread 0x0000000004952800 DEOPT UNPACKING pc=0x0000000004a97890 sp=0x000000000485cb08 mode 0
Event: 28.406 Thread 0x0000000004952800 DEOPT PACKING pc=0x0000000004e61e0a sp=0x000000000485cdc0
Event: 28.406 Thread 0x0000000004952800 DEOPT UNPACKING pc=0x0000000004a97890 sp=0x000000000485cb08 mode 0
Event: 28.407 Thread 0x0000000004952800 DEOPT PACKING pc=0x0000000004e61e0a sp=0x000000000485cdc0
Event: 28.407 Thread 0x0000000004952800 DEOPT UNPACKING pc=0x0000000004a97890 sp=0x000000000485cb08 mode 0
Event: 28.408 Thread 0x0000000004952800 DEOPT PACKING pc=0x0000000004e61e0a sp=0x000000000485cdc0
Event: 28.408 Thread 0x0000000004952800 DEOPT UNPACKING pc=0x0000000004a97890 sp=0x000000000485cb08 mode 0


Dynamic libraries:
0x00007ff751d50000 - 0x00007ff751d87000 	C:\Program Files\Java\jdk1.8.0_171\bin\java.exe
0x00007ff931a00000 - 0x00007ff931be0000 	C:\WINDOWS\SYSTEM32\ntdll.dll
0x00007ff930050000 - 0x00007ff9300fe000 	C:\WINDOWS\System32\KERNEL32.DLL
0x00007ff92ebb0000 - 0x00007ff92ee16000 	C:\WINDOWS\System32\KERNELBASE.dll
0x00007ff92eed0000 - 0x00007ff92ef71000 	C:\WINDOWS\System32\ADVAPI32.dll
0x00007ff92ffb0000 - 0x00007ff93004d000 	C:\WINDOWS\System32\msvcrt.dll
0x00007ff931860000 - 0x00007ff9318bb000 	C:\WINDOWS\System32\sechost.dll
0x00007ff92ef80000 - 0x00007ff92f09f000 	C:\WINDOWS\System32\RPCRT4.dll
0x00007ff92f750000 - 0x00007ff92f8df000 	C:\WINDOWS\System32\USER32.dll
0x00007ff92eb90000 - 0x00007ff92ebb0000 	C:\WINDOWS\System32\win32u.dll
0x00007ff92f270000 - 0x00007ff92f298000 	C:\WINDOWS\System32\GDI32.dll
0x00007ff92de80000 - 0x00007ff92e013000 	C:\WINDOWS\System32\gdi32full.dll
0x00007ff92e8c0000 - 0x00007ff92e95b000 	C:\WINDOWS\System32\msvcp_win.dll
0x00007ff92e7c0000 - 0x00007ff92e8b6000 	C:\WINDOWS\System32\ucrtbase.dll
0x00007ff91e530000 - 0x00007ff91e799000 	C:\WINDOWS\WinSxS\amd64_microsoft.windows.common-controls_6595b64144ccf1df_6.0.16299.431_none_15c7d3ee93659e73\COMCTL32.dll
0x00007ff92f2a0000 - 0x00007ff92f5a8000 	C:\WINDOWS\System32\combase.dll
0x00007ff92de00000 - 0x00007ff92de72000 	C:\WINDOWS\System32\bcryptPrimitives.dll
0x00007ff92f5b0000 - 0x00007ff92f5dd000 	C:\WINDOWS\System32\IMM32.DLL
0x000000007e110000 - 0x000000007e174000 	C:\Program Files\Far Manager\ConEmu\ConEmuHk64.dll
0x0000000068b70000 - 0x0000000068c42000 	C:\Program Files\Java\jdk1.8.0_171\jre\bin\msvcr100.dll
0x0000000067f40000 - 0x00000000687e0000 	C:\Program Files\Java\jdk1.8.0_171\jre\bin\server\jvm.dll
0x00007ff930100000 - 0x00007ff930108000 	C:\WINDOWS\System32\PSAPI.DLL
0x00007ff91da90000 - 0x00007ff91da99000 	C:\WINDOWS\SYSTEM32\WSOCK32.dll
0x00007ff926c20000 - 0x00007ff926c43000 	C:\WINDOWS\SYSTEM32\WINMM.dll
0x00007ff929b30000 - 0x00007ff929b3a000 	C:\WINDOWS\SYSTEM32\VERSION.dll
0x00007ff92f0b0000 - 0x00007ff92f11c000 	C:\WINDOWS\System32\WS2_32.dll
0x00007ff926b90000 - 0x00007ff926bba000 	C:\WINDOWS\SYSTEM32\winmmbase.dll
0x00007ff92e770000 - 0x00007ff92e7ba000 	C:\WINDOWS\System32\cfgmgr32.dll
0x0000000068b60000 - 0x0000000068b6f000 	C:\Program Files\Java\jdk1.8.0_171\jre\bin\verify.dll
0x0000000068b30000 - 0x0000000068b59000 	C:\Program Files\Java\jdk1.8.0_171\jre\bin\java.dll
0x0000000068b10000 - 0x0000000068b26000 	C:\Program Files\Java\jdk1.8.0_171\jre\bin\zip.dll
0x00007ff9303a0000 - 0x00007ff9317d8000 	C:\WINDOWS\System32\SHELL32.dll
0x00007ff9318c0000 - 0x00007ff931966000 	C:\WINDOWS\System32\shcore.dll
0x00007ff92e020000 - 0x00007ff92e767000 	C:\WINDOWS\System32\windows.storage.dll
0x00007ff92fd90000 - 0x00007ff92fde1000 	C:\WINDOWS\System32\shlwapi.dll
0x00007ff92dde0000 - 0x00007ff92ddf1000 	C:\WINDOWS\System32\kernel.appcore.dll
0x00007ff92dd50000 - 0x00007ff92dd9c000 	C:\WINDOWS\System32\powrprof.dll
0x00007ff92dda0000 - 0x00007ff92ddbb000 	C:\WINDOWS\System32\profapi.dll
0x0000000068af0000 - 0x0000000068b0a000 	C:\Program Files\Java\jdk1.8.0_171\jre\bin\net.dll
0x00007ff92d580000 - 0x00007ff92d5e6000 	C:\WINDOWS\system32\mswsock.dll
0x0000000068ad0000 - 0x0000000068ae1000 	C:\Program Files\Java\jdk1.8.0_171\jre\bin\nio.dll
0x00007ff914900000 - 0x00007ff91491e000 	C:\Users\Сергей\.gradle\native\25\windows-amd64\native-platform.dll
0x00007ff92a4d0000 - 0x00007ff92a4da000 	C:\Users\Сергей\.gradle\native\jansi\1.14\windows64\jansi.dll
0x0000000068a80000 - 0x0000000068a8d000 	C:\Program Files\Java\jdk1.8.0_171\jre\bin\management.dll
0x00007ff92d750000 - 0x00007ff92d767000 	C:\WINDOWS\SYSTEM32\CRYPTSP.dll
0x00007ff92d180000 - 0x00007ff92d1b3000 	C:\WINDOWS\system32\rsaenh.dll
0x00007ff92d850000 - 0x00007ff92d875000 	C:\WINDOWS\SYSTEM32\bcrypt.dll
0x00007ff92dc50000 - 0x00007ff92dc79000 	C:\WINDOWS\SYSTEM32\USERENV.dll
0x00007ff92d740000 - 0x00007ff92d74b000 	C:\WINDOWS\SYSTEM32\CRYPTBASE.dll
0x00007ff92d310000 - 0x00007ff92d349000 	C:\WINDOWS\SYSTEM32\IPHLPAPI.DLL
0x00007ff92f0a0000 - 0x00007ff92f0a8000 	C:\WINDOWS\System32\NSI.dll
0x00007ff92a310000 - 0x00007ff92a326000 	C:\WINDOWS\SYSTEM32\dhcpcsvc6.DLL
0x00007ff92abe0000 - 0x00007ff92abfa000 	C:\WINDOWS\SYSTEM32\dhcpcsvc.DLL

VM Arguments:
jvm_args: -Dorg.gradle.appname=gradlew 
java_command: org.gradle.wrapper.GradleWrapperMain bootrun
java_class_path (initial): C:\Users\Сергей\home\share\3\mozlab\example\reversew\\gradle\wrapper\gradle-wrapper.jar
Launcher Type: SUN_STANDARD

Environment Variables:
JAVA_HOME=C:\Program Files\Java\jdk1.8.0_171
CLASSPATH=C:\Users\Сергей\home\share\3\mozlab\example\reversew\\gradle\wrapper\gradle-wrapper.jar
PATH=C:\Program Files\Far Manager\ConEmu\Scripts;C:\Program Files\Far Manager;C:\Program Files\Far Manager\ConEmu;C:\Program Files (x86)\Python36-32\Scripts\;C:\Program Files (x86)\Python36-32\;C:\Windows\system32;C:\Windows;C:\Windows\System32\Wbem;C:\Windows\System32\WindowsPowerShell\v1.0\;C:\Program Files (x86)\WinMerge;C:\Program Files (x86)\Common Files\Acronis\SnapAPI\;C:\WINDOWS\system32;C:\WINDOWS;C:\WINDOWS\System32\Wbem;C:\WINDOWS\System32\WindowsPowerShell\v1.0\;C:\Program Files (x86)\Intel\OpenCL SDK\2.0\bin\x86;C:\Program Files (x86)\Intel\OpenCL SDK\2.0\bin\x64;C:\Program Files\nodejs\;C:\Program Files (x86)\Windows Kits\10\Windows Performance Toolkit\;C:\WINDOWS\system32;C:\WINDOWS;C:\WINDOWS\System32\Wbem;C:\WINDOWS\System32\WindowsPowerShell\v1.0\;C:\Program Files\Git\cmd;C:\Program Files\Git\mingw64\bin;C:\Program Files\Git\usr\bin;C:\Program Files (x86)\Calibre2\;C:\Go\bin;C:\Program Files (x86)\NVIDIA Corporation\PhysX\Common;C:\Python36\Scripts\;C:\Python36\;c:\instantclient_12_1;C:\Users\Сергей\home\bin;C:\Program Files (x86)\PuTTY;C:\Users\Сергей\AppData\Roaming\npm;C:\Users\Сергей\AppData\Local\Microsoft\WindowsApps;C:\Program Files\Microsoft VS Code\bin;C:\Users\Сергей\AppData\Local\GitHubDesktop\bin
USERNAME=Сергей
OS=Windows_NT
PROCESSOR_IDENTIFIER=Intel64 Family 6 Model 42 Stepping 7, GenuineIntel



---------------  S Y S T E M  ---------------

OS: Windows 10.0 , 64 bit Build 16299 (10.0.16299.431)

CPU:total 4 (initial active 4) (4 cores per cpu, 1 threads per core) family 6 model 42 stepping 7, cmov, cx8, fxsr, mmx, sse, sse2, sse3, ssse3, sse4.1, sse4.2, popcnt, avx, aes, clmul, tsc, tscinvbit

Memory: 4k page, physical 16685504k(3736096k free), swap 16685504k(2648k free)

vm_info: Java HotSpot(TM) 64-Bit Server VM (25.171-b11) for windows-amd64 JRE (1.8.0_171-b11), built on Mar 28 2018 16:06:12 by "java_re" with MS VC++ 10.0 (VS2010)

time: Sat Jun 09 20:00:17 2018
elapsed time: 28 seconds (0d 0h 0m 28s)

